<?xml version="1.0" encoding="UTF-8"?>
<!-- Generated by org.testng.reporters.JUnitXMLReporter -->
<testsuite hostname="Sharikas-MBP.attlocal.net" failures="0" tests="2" name="Quote and Author Addition Session" time="20.179" errors="0" timestamp="24 Jun 2019 03:41:11 GMT">
  <testcase classname="com.test.tests.TestCases" name="verifyBrowserAlertQuote" time="16.223"/>
  <testcase classname="com.test.tests.TestCases" name="verifyQuote" time="0.679"/>
</testsuite> <!-- Quote and Author Addition Session -->
