<?xml version="1.0" encoding="UTF-8"?>
<testng-results total="2" passed="2" failed="0" skipped="0">
  <reporter-output>
    <line>
      <![CDATA[URL was launched successfully]]>
    </line>
    <line>
      <![CDATA[Browser alert was not present]]>
    </line>
    <line>
      <![CDATA[Verification of Browser Alert was completed successfully]]>
    </line>
    <line>
      <![CDATA[URL was launched successfully]]>
    </line>
    <line>
      <![CDATA[New Quote and Author was added successfully]]>
    </line>
    <line>
      <![CDATA[Verification of Quote and Author was completed successfully]]>
    </line>
  </reporter-output>
  <suite started-at="2019-06-24T03:40:51Z" name="Suite" finished-at="2019-06-24T03:41:11Z" duration-ms="20179">
    <groups>
    </groups>
    <test started-at="2019-06-24T03:40:51Z" name="Quote and Author Addition Session" finished-at="2019-06-24T03:41:11Z" duration-ms="20179">
      <class name="com.test.tests.TestCases">
        <test-method is-config="true" signature="launchBrowser()[pri:0, instance:com.test.tests.TestCases@38d8f54a]" started-at="2019-06-23T22:40:51Z" name="launchBrowser" finished-at="2019-06-23T22:40:54Z" duration-ms="3148" status="PASS">
          <reporter-output>
          </reporter-output>
        </test-method> <!-- launchBrowser -->
        <test-method signature="verifyBrowserAlertQuote()[pri:0, instance:com.test.tests.TestCases@38d8f54a]" started-at="2019-06-23T22:40:54Z" name="verifyBrowserAlertQuote" finished-at="2019-06-23T22:41:10Z" duration-ms="16223" status="PASS">
          <reporter-output>
            <line>
              <![CDATA[URL was launched successfully]]>
            </line>
            <line>
              <![CDATA[Browser alert was not present]]>
            </line>
            <line>
              <![CDATA[Verification of Browser Alert was completed successfully]]>
            </line>
          </reporter-output>
        </test-method> <!-- verifyBrowserAlertQuote -->
        <test-method signature="verifyQuote()[pri:0, instance:com.test.tests.TestCases@38d8f54a]" started-at="2019-06-23T22:41:10Z" name="verifyQuote" finished-at="2019-06-23T22:41:11Z" duration-ms="679" status="PASS">
          <reporter-output>
            <line>
              <![CDATA[URL was launched successfully]]>
            </line>
            <line>
              <![CDATA[New Quote and Author was added successfully]]>
            </line>
            <line>
              <![CDATA[Verification of Quote and Author was completed successfully]]>
            </line>
          </reporter-output>
        </test-method> <!-- verifyQuote -->
        <test-method is-config="true" signature="terminateBrowser()[pri:0, instance:com.test.tests.TestCases@38d8f54a]" started-at="2019-06-23T22:41:11Z" name="terminateBrowser" finished-at="2019-06-23T22:41:11Z" duration-ms="117" status="PASS">
          <reporter-output>
          </reporter-output>
        </test-method> <!-- terminateBrowser -->
      </class> <!-- com.test.tests.TestCases -->
    </test> <!-- Quote and Author Addition Session -->
  </suite> <!-- Suite -->
</testng-results>
