<?xml version="1.0" encoding="UTF-8"?>
<testsuite xmlns:xsi="http://www.w3.org/2001/XMLSchema-instance" xsi:noNamespaceSchemaLocation="https://maven.apache.org/surefire/maven-surefire-plugin/xsd/surefire-test-report-3.0.xsd" version="3.0" name="TestSuite" time="21.042" tests="2" errors="0" skipped="0" failures="0">
  <properties>
[...]
</properties>
  <testcase name="verifyBrowserAlertQuote" classname="com.test.tests.TestCases" time="16.224"/>
  <testcase name="verifyQuote" classname="com.test.tests.TestCases" time="0.677"/>
</testsuite>